<?xml version="1.0" encoding="utf-8"?><testsuites name="pytest tests"><testsuite name="pytest" errors="0" failures="0" skipped="0" tests="14" time="1.862" timestamp="2026-07-02T15:00:39.165668+08:00" hostname="Mosess-MacBook-Pro.local"><testcase classname="tests.unit.test_ops" name="test_rms_norm_matches_formula" time="0.041" /><testcase classname="tests.unit.test_ops" name="test_rope_preserves_shape_and_rotates_pairs" time="0.006" /><testcase classname="tests.unit.test_ops" name="test_causal_attention_masks_future_tokens" time="0.010" /><testcase classname="tests.unit.test_ops" name="test_gated_mlp_shape_and_values" time="0.001" /><testcase classname="tests.component.test_cache_policy" name="test_cache_policy_taxonomy_and_request_isolation" time="0.000" /><testcase classname="tests.component.test_cache_policy" name="test_paged_cache_claim_is_explicitly_rejected" time="0.000" /><testcase classname="tests.component.test_cli_and_scripts" name="test_cli_help_and_fake_generation" time="0.223" /><testcase classname="tests.component.test_cli_and_scripts" name="test_bad_model_error_is_actionable" time="1.365" /><testcase classname="tests.component.test_cli_and_scripts" name="test_env_capture_and_benchmark_schema" time="0.122" /><testcase classname="tests.component.test_greedy_decode" name="test_generate_greedy_owns_stepwise_model_calls" time="0.001" /><testcase classname="tests.component.test_greedy_decode" name="test_generate_greedy_stops_on_eos" time="0.000" /><testcase classname="tests.component.test_owned_decode_static" name="test_runtime_and_cli_do_not_call_mlx_lm_generation_helpers" time="0.001" /><testcase classname="tests.component.test_scheduler_generation" name="test_scheduler_drives_real_model_forward_batches" time="0.000" /><testcase classname="tests.component.test_step_decode" name="test_decode_step_passes_cache_and_evaluates_logits" time="0.000" /></testsuite></testsuites>